Determining if the pthread_create exist failed with the following output:
Change Dir: /home/ahmedbakr/Desktop/SFND_Lidar_Obstacle_Detection/build/CMakeFiles/CMakeTmp

Run Build Command:"/usr/bin/make" "cmTC_ef50a/fast"
/usr/bin/make -f CMakeFiles/cmTC_ef50a.dir/build.make CMakeFiles/cmTC_ef50a.dir/build
make[1]: Entering directory '/home/ahmedbakr/Desktop/SFND_Lidar_Obstacle_Detection/build/CMakeFiles/CMakeTmp'
Building C object CMakeFiles/cmTC_ef50a.dir/CheckSymbolExists.c.o
/usr/bin/cc     -o CMakeFiles/cmTC_ef50a.dir/CheckSymbolExists.c.o   -c /home/ahmedbakr/Desktop/SFND_Lidar_Obstacle_Detection/build/CMakeFiles/CMakeTmp/CheckSymbolExists.c
Linking C executable cmTC_ef50a
/usr/bin/cmake -E cmake_link_script CMakeFiles/cmTC_ef50a.dir/link.txt --verbose=1
/usr/bin/cc       CMakeFiles/cmTC_ef50a.dir/CheckSymbolExists.c.o  -o cmTC_ef50a -rdynamic 
CMakeFiles/cmTC_ef50a.dir/CheckSymbolExists.c.o: In function `main':
CheckSymbolExists.c:(.text+0x16): undefined reference to `pthread_create'
collect2: error: ld returned 1 exit status
CMakeFiles/cmTC_ef50a.dir/build.make:97: recipe for target 'cmTC_ef50a' failed
make[1]: *** [cmTC_ef50a] Error 1
make[1]: Leaving directory '/home/ahmedbakr/Desktop/SFND_Lidar_Obstacle_Detection/build/CMakeFiles/CMakeTmp'
Makefile:126: recipe for target 'cmTC_ef50a/fast' failed
make: *** [cmTC_ef50a/fast] Error 2

File /home/ahmedbakr/Desktop/SFND_Lidar_Obstacle_Detection/build/CMakeFiles/CMakeTmp/CheckSymbolExists.c:
/* */
#include <pthread.h>

int main(int argc, char** argv)
{
  (void)argv;
#ifndef pthread_create
  return ((int*)(&pthread_create))[argc];
#else
  (void)argc;
  return 0;
#endif
}

Determining if the function pthread_create exists in the pthreads failed with the following output:
Change Dir: /home/ahmedbakr/Desktop/SFND_Lidar_Obstacle_Detection/build/CMakeFiles/CMakeTmp

Run Build Command:"/usr/bin/make" "cmTC_111a4/fast"
/usr/bin/make -f CMakeFiles/cmTC_111a4.dir/build.make CMakeFiles/cmTC_111a4.dir/build
make[1]: Entering directory '/home/ahmedbakr/Desktop/SFND_Lidar_Obstacle_Detection/build/CMakeFiles/CMakeTmp'
Building C object CMakeFiles/cmTC_111a4.dir/CheckFunctionExists.c.o
/usr/bin/cc    -DCHECK_FUNCTION_EXISTS=pthread_create   -o CMakeFiles/cmTC_111a4.dir/CheckFunctionExists.c.o   -c /usr/share/cmake-3.5/Modules/CheckFunctionExists.c
Linking C executable cmTC_111a4
/usr/bin/cmake -E cmake_link_script CMakeFiles/cmTC_111a4.dir/link.txt --verbose=1
/usr/bin/cc   -DCHECK_FUNCTION_EXISTS=pthread_create    CMakeFiles/cmTC_111a4.dir/CheckFunctionExists.c.o  -o cmTC_111a4 -rdynamic -lpthreads 
/usr/bin/ld: cannot find -lpthreads
collect2: error: ld returned 1 exit status
CMakeFiles/cmTC_111a4.dir/build.make:97: recipe for target 'cmTC_111a4' failed
make[1]: *** [cmTC_111a4] Error 1
make[1]: Leaving directory '/home/ahmedbakr/Desktop/SFND_Lidar_Obstacle_Detection/build/CMakeFiles/CMakeTmp'
Makefile:126: recipe for target 'cmTC_111a4/fast' failed
make: *** [cmTC_111a4/fast] Error 2


